{"contracts/Raffle.sol":{"l":{"54":3,"55":3,"56":3,"57":3,"58":3,"59":3,"60":3,"61":3,"65":5,"66":1,"68":4,"69":1,"71":3,"72":3,"76":2,"77":2,"78":2,"79":2,"80":2,"81":2,"85":1,"86":1,"87":0,"92":1,"93":1,"100":1,"107":0,"108":0,"109":0,"110":0,"111":0,"112":0,"113":0,"114":0,"115":0,"117":0,"121":1,"125":0,"129":0,"133":0,"137":1,"141":0,"145":6,"149":6,"153":0},"path":"/home/amriteshk778/WEB3/hardhat-smartContract-Lottery-fcc/contracts/Raffle.sol","s":{"1":5,"2":4,"3":3,"4":3,"5":2,"6":2,"7":2,"8":2,"9":2,"10":1,"11":1,"12":1,"13":1,"14":0,"15":0,"16":0,"17":0,"18":0,"19":1,"20":0,"21":0,"22":0,"23":1,"24":0,"25":6,"26":6,"27":0},"b":{"1":[1,4],"2":[1,3],"3":[0,1],"4":[0,0]},"f":{"1":3,"2":5,"3":2,"4":1,"5":0,"6":1,"7":0,"8":0,"9":0,"10":1,"11":0,"12":6,"13":6,"14":0},"fnMap":{"1":{"name":"constructor","line":53,"loc":{"start":{"line":46,"column":4},"end":{"line":62,"column":4}}},"2":{"name":"enterRaffle","line":64,"loc":{"start":{"line":64,"column":4},"end":{"line":73,"column":4}}},"3":{"name":"checkUpkeep","line":75,"loc":{"start":{"line":75,"column":4},"end":{"line":82,"column":4}}},"4":{"name":"performUpkeep","line":84,"loc":{"start":{"line":84,"column":4},"end":{"line":101,"column":4}}},"5":{"name":"fulfillRandomWords","line":103,"loc":{"start":{"line":103,"column":4},"end":{"line":118,"column":4}}},"6":{"name":"getRaffleState","line":120,"loc":{"start":{"line":120,"column":4},"end":{"line":122,"column":4}}},"7":{"name":"getNumWords","line":124,"loc":{"start":{"line":124,"column":4},"end":{"line":126,"column":4}}},"8":{"name":"getRequestConfirmations","line":128,"loc":{"start":{"line":128,"column":4},"end":{"line":130,"column":4}}},"9":{"name":"getRecentWinner","line":132,"loc":{"start":{"line":132,"column":4},"end":{"line":134,"column":4}}},"10":{"name":"getPlayer","line":136,"loc":{"start":{"line":136,"column":4},"end":{"line":138,"column":4}}},"11":{"name":"getLastTimeStamp","line":140,"loc":{"start":{"line":140,"column":4},"end":{"line":142,"column":4}}},"12":{"name":"getInterval","line":144,"loc":{"start":{"line":144,"column":4},"end":{"line":146,"column":4}}},"13":{"name":"getEntranceFee","line":148,"loc":{"start":{"line":148,"column":4},"end":{"line":150,"column":4}}},"14":{"name":"getNumberOfPlayers","line":152,"loc":{"start":{"line":152,"column":4},"end":{"line":154,"column":4}}}},"statementMap":{"1":{"start":{"line":65,"column":8},"end":{"line":65,"column":2270}},"2":{"start":{"line":68,"column":8},"end":{"line":68,"column":2371}},"3":{"start":{"line":71,"column":8},"end":{"line":71,"column":42}},"4":{"start":{"line":72,"column":8},"end":{"line":72,"column":36}},"5":{"start":{"line":76,"column":8},"end":{"line":76,"column":57}},"6":{"start":{"line":77,"column":8},"end":{"line":77,"column":76}},"7":{"start":{"line":78,"column":8},"end":{"line":78,"column":48}},"8":{"start":{"line":79,"column":8},"end":{"line":79,"column":51}},"9":{"start":{"line":81,"column":8},"end":{"line":81,"column":40}},"10":{"start":{"line":85,"column":8},"end":{"line":85,"column":52}},"11":{"start":{"line":86,"column":8},"end":{"line":86,"column":3199}},"12":{"start":{"line":93,"column":8},"end":{"line":93,"column":3514}},"13":{"start":{"line":100,"column":8},"end":{"line":100,"column":43}},"14":{"start":{"line":107,"column":8},"end":{"line":107,"column":65}},"15":{"start":{"line":108,"column":8},"end":{"line":108,"column":63}},"16":{"start":{"line":113,"column":8},"end":{"line":113,"column":78}},"17":{"start":{"line":114,"column":8},"end":{"line":114,"column":4294}},"18":{"start":{"line":117,"column":8},"end":{"line":117,"column":39}},"19":{"start":{"line":121,"column":8},"end":{"line":121,"column":28}},"20":{"start":{"line":125,"column":8},"end":{"line":125,"column":24}},"21":{"start":{"line":129,"column":8},"end":{"line":129,"column":36}},"22":{"start":{"line":133,"column":8},"end":{"line":133,"column":29}},"23":{"start":{"line":137,"column":8},"end":{"line":137,"column":31}},"24":{"start":{"line":141,"column":8},"end":{"line":141,"column":30}},"25":{"start":{"line":145,"column":8},"end":{"line":145,"column":25}},"26":{"start":{"line":149,"column":8},"end":{"line":149,"column":28}},"27":{"start":{"line":153,"column":8},"end":{"line":153,"column":31}}},"branchMap":{"1":{"line":65,"type":"if","locations":[{"start":{"line":65,"column":8},"end":{"line":65,"column":8}},{"start":{"line":65,"column":8},"end":{"line":65,"column":8}}]},"2":{"line":68,"type":"if","locations":[{"start":{"line":68,"column":8},"end":{"line":68,"column":8}},{"start":{"line":68,"column":8},"end":{"line":68,"column":8}}]},"3":{"line":86,"type":"if","locations":[{"start":{"line":86,"column":8},"end":{"line":86,"column":8}},{"start":{"line":86,"column":8},"end":{"line":86,"column":8}}]},"4":{"line":114,"type":"if","locations":[{"start":{"line":114,"column":8},"end":{"line":114,"column":8}},{"start":{"line":114,"column":8},"end":{"line":114,"column":8}}]}}},"contracts/test/VRFCoordinatorV2Mock.sol":{"l":{},"path":"/home/amriteshk778/WEB3/hardhat-smartContract-Lottery-fcc/contracts/test/VRFCoordinatorV2Mock.sol","s":{},"b":{},"f":{},"fnMap":{},"statementMap":{},"branchMap":{}}}